
> performance-optimisation@1.4.0 start
> wp-scripts start

assets by chunk 1.49 MiB (name: index)
  asset index.js 1.49 MiB [emitted] (name: index) 1 related asset
  asset index.asset.php 154 bytes [emitted] (name: index)
assets by path ./*.css 87.5 KiB
  asset ./style-index.css 43.8 KiB [emitted] (name: ./style-index) (id hint: style) 1 related asset
  asset ./style-index-rtl.css 43.7 KiB [emitted] (name: ./style-index) (id hint: style)
Entrypoint index 1.57 MiB (1.56 MiB) = ./style-index.css 43.8 KiB ./style-index-rtl.css 43.7 KiB index.js 1.49 MiB index.asset.php 154 bytes 2 auxiliary assets
runtime modules 4.32 KiB 11 modules
orphan modules 114 KiB [orphan] 5 modules
cacheable modules 1.28 MiB (javascript) 43 KiB (css/mini-extract)
  modules by path ./src/ 150 KiB (javascript) 43 KiB (css/mini-extract) 24 modules
  modules by path ./node_modules/ 1.13 MiB
    modules by path ./node_modules/prop-types/ 34 KiB 7 modules
    modules by path ./node_modules/@fortawesome/ 1.1 MiB 3 modules
    ./node_modules/object-assign/index.js 2.06 KiB [built] [code generated]
external ["wp","element"] 42 bytes [built] [code generated]
external "ReactJSXRuntime" 42 bytes [built] [code generated]
external "React" 42 bytes [built] [code generated]
external ["wp","i18n"] 42 bytes [built] [code generated]
external ["wp","components"] 42 bytes [built] [code generated]

WARNING in ./src/css/style.scss (./src/css/style.scss.webpack[javascript/auto]!=!./node_modules/css-loader/dist/cjs.js??ruleSet[1].rules[4].use[1]!./node_modules/postcss-loader/dist/cjs.js??ruleSet[1].rules[4].use[2]!./node_modules/sass-loader/dist/cjs.js??ruleSet[1].rules[4].use[3]!./src/css/style.scss)
Module Warning (from ./node_modules/sass-loader/dist/cjs.js):
Deprecation Warning on line 5, column 8 of file:///app/src/css/style.scss:5:8:
Sass @import rules are deprecated and will be removed in Dart Sass 3.0.0.

More info and automated migrator: https://sass-lang.com/d/import

5 | @import 'abstracts/variables';


src/css/style.scss 6:9  root stylesheet
 @ ./src/css/style.scss
 @ ./src/index.js 3:0-26

WARNING in ./src/css/style.scss (./src/css/style.scss.webpack[javascript/auto]!=!./node_modules/css-loader/dist/cjs.js??ruleSet[1].rules[4].use[1]!./node_modules/postcss-loader/dist/cjs.js??ruleSet[1].rules[4].use[2]!./node_modules/sass-loader/dist/cjs.js??ruleSet[1].rules[4].use[3]!./src/css/style.scss)
Module Warning (from ./node_modules/sass-loader/dist/cjs.js):
Deprecation Warning on line 6, column 8 of file:///app/src/css/style.scss:6:8:
Sass @import rules are deprecated and will be removed in Dart Sass 3.0.0.

More info and automated migrator: https://sass-lang.com/d/import

6 | @import 'abstracts/mixins';


src/css/style.scss 7:9  root stylesheet
 @ ./src/css/style.scss
 @ ./src/index.js 3:0-26

WARNING in ./src/css/style.scss (./src/css/style.scss.webpack[javascript/auto]!=!./node_modules/css-loader/dist/cjs.js??ruleSet[1].rules[4].use[1]!./node_modules/postcss-loader/dist/cjs.js??ruleSet[1].rules[4].use[2]!./node_modules/sass-loader/dist/cjs.js??ruleSet[1].rules[4].use[3]!./src/css/style.scss)
Module Warning (from ./node_modules/sass-loader/dist/cjs.js):
Deprecation Warning on line 9, column 8 of file:///app/src/css/style.scss:9:8:
Sass @import rules are deprecated and will be removed in Dart Sass 3.0.0.

More info and automated migrator: https://sass-lang.com/d/import

9 | @import 'base/base';


src/css/style.scss 10:9  root stylesheet
 @ ./src/css/style.scss
 @ ./src/index.js 3:0-26

WARNING in ./src/css/style.scss (./src/css/style.scss.webpack[javascript/auto]!=!./node_modules/css-loader/dist/cjs.js??ruleSet[1].rules[4].use[1]!./node_modules/postcss-loader/dist/cjs.js??ruleSet[1].rules[4].use[2]!./node_modules/sass-loader/dist/cjs.js??ruleSet[1].rules[4].use[3]!./src/css/style.scss)
Module Warning (from ./node_modules/sass-loader/dist/cjs.js):
Deprecation Warning on line 12, column 8 of file:///app/src/css/style.scss:12:8:
Sass @import rules are deprecated and will be removed in Dart Sass 3.0.0.

More info and automated migrator: https://sass-lang.com/d/import

12 | @import 'layout/container';


src/css/style.scss 13:9  root stylesheet
 @ ./src/css/style.scss
 @ ./src/index.js 3:0-26

WARNING in ./src/css/style.scss (./src/css/style.scss.webpack[javascript/auto]!=!./node_modules/css-loader/dist/cjs.js??ruleSet[1].rules[4].use[1]!./node_modules/postcss-loader/dist/cjs.js??ruleSet[1].rules[4].use[2]!./node_modules/sass-loader/dist/cjs.js??ruleSet[1].rules[4].use[3]!./src/css/style.scss)
Module Warning (from ./node_modules/sass-loader/dist/cjs.js):
Deprecation Warning on line 13, column 8 of file:///app/src/css/style.scss:13:8:
Sass @import rules are deprecated and will be removed in Dart Sass 3.0.0.

More info and automated migrator: https://sass-lang.com/d/import

13 | @import 'layout/sidebar';


src/css/style.scss 14:9  root stylesheet
 @ ./src/css/style.scss
 @ ./src/index.js 3:0-26

WARNING in ./src/css/style.scss (./src/css/style.scss.webpack[javascript/auto]!=!./node_modules/css-loader/dist/cjs.js??ruleSet[1].rules[4].use[1]!./node_modules/postcss-loader/dist/cjs.js??ruleSet[1].rules[4].use[2]!./node_modules/sass-loader/dist/cjs.js??ruleSet[1].rules[4].use[3]!./src/css/style.scss)
Module Warning (from ./node_modules/sass-loader/dist/cjs.js):
11 repetitive deprecation warnings omitted.
Run in verbose mode to see all warnings.
 @ ./src/css/style.scss
 @ ./src/index.js 3:0-26

webpack 5.97.1 compiled with 6 warnings in 3249 ms
assets by status 1.53 MiB [cached] 2 assets
assets by path . 43.9 KiB
  asset ./style-index-rtl.css 43.7 KiB [emitted] (name: ./style-index) (id hint: style)
  asset index.asset.php 154 bytes [emitted] (name: index)
Entrypoint index 1.57 MiB (1.56 MiB) = ./style-index.css 43.8 KiB ./style-index-rtl.css 43.7 KiB index.js 1.49 MiB index.asset.php 154 bytes 2 auxiliary assets
cached modules 1.28 MiB (javascript) 43 KiB (css/mini-extract) 3.37 KiB (runtime) [cached] 46 modules
webpack 5.97.1 compiled successfully in 189 ms
